<?xml version="1.0" encoding="UTF-8"?>
<!-- Generated by org.testng.reporters.JUnitReportReporter -->
<testsuite hostname="LAPTOP-BJQHU9G0" failures="0" tests="2" name="com.vtiger.practice.Practice$practiceTest" time="0.231" errors="0" timestamp="30 May 2022 12:40:33 GMT" skipped="0">
  <testcase classname="com.vtiger.practice.Practice$practiceTest" name="practice1" time="0.010"/>
  <testcase classname="com.vtiger.practice.Practice$practiceTest" name="practice" time="0.221"/>
</testsuite> <!-- com.vtiger.practice.Practice$practiceTest -->
