<?xml version="1.0" encoding="UTF-8"?>
<!-- Generated by org.testng.reporters.JUnitReportReporter -->
<testsuite hostname="LAPTOP-BJQHU9G0" failures="0" tests="2" name="com.vtiger.practice.Practice3$practiceTest" time="0.220" errors="0" timestamp="30 May 2022 10:20:49 GMT" skipped="0">
  <testcase classname="com.vtiger.practice.Practice3$practiceTest" name="practice1" time="0.010"/>
  <testcase classname="com.vtiger.practice.Practice3$practiceTest" name="practice" time="0.210"/>
</testsuite> <!-- com.vtiger.practice.Practice3$practiceTest -->
